<?xml version="1.0" encoding="UTF-8" ?>
<testsuite tests="4" failures="0" name="CoreApplication.ChairTest" time="0" errors="0" skipped="0">
  <properties>
[...]
</properties>
  <testcase classname="CoreApplication.ChairTest" name="CoreApplication.ChairTest.testCalculateNoUnits" time="0"/>
  <testcase classname="CoreApplication.ChairTest" name="CoreApplication.ChairTest.testGetArmrests" time="0"/>
  <testcase classname="CoreApplication.ChairTest" name="CoreApplication.ChairTest.testCalculatePrice" time="0"/>
  <testcase classname="CoreApplication.ChairTest" name="CoreApplication.ChairTest.testSetArmrests" time="0"/>
</testsuite>